<?xml version="1.0" encoding="UTF-8"?>
<!-- Generated by org.testng.reporters.JUnitXMLReporter -->
<testsuite ignored="10" hostname="Sundar_V" failures="0" tests="6" name="Test" time="120.845" errors="0" timestamp="2025-01-09T07:09:15 IST">
  <testcase classname="tests.TC_1_LoginTest" name="logintest" time="1.304"/>
  <testcase classname="tests.TC_2_Oneway" name="SelectFlight" time="41.179"/>
  <testcase classname="tests.TC_3_Round" name="Roundtrip" time="30.509"/>
  <testcase classname="tests.TC_4_CheckIn" name="checkin" time="1.008"/>
  <testcase classname="tests.TC_5_FlightStatus" name="FlightStatus" time="3.748"/>
  <testcase classname="tests.TC_6_Managebooking" name="Managebook" time="2.842"/>
  <testcase classname="base.spicebase" name="@BeforeSuite reports" time="0.0">
    <ignored/>
  </testcase> <!-- @BeforeSuite reports -->
  <testcase classname="base.spicebase" name="@BeforeSuite reports" time="0.0">
    <ignored/>
  </testcase> <!-- @BeforeSuite reports -->
  <testcase classname="base.spicebase" name="@BeforeSuite reports" time="0.0">
    <ignored/>
  </testcase> <!-- @BeforeSuite reports -->
  <testcase classname="base.spicebase" name="@BeforeSuite reports" time="0.0">
    <ignored/>
  </testcase> <!-- @BeforeSuite reports -->
  <testcase classname="base.spicebase" name="@BeforeSuite reports" time="0.0">
    <ignored/>
  </testcase> <!-- @BeforeSuite reports -->
  <testcase classname="base.spicebase" name="@AfterSuite reportclose" time="0.0">
    <ignored/>
  </testcase> <!-- @AfterSuite reportclose -->
  <testcase classname="base.spicebase" name="@AfterSuite reportclose" time="0.0">
    <ignored/>
  </testcase> <!-- @AfterSuite reportclose -->
  <testcase classname="base.spicebase" name="@AfterSuite reportclose" time="0.0">
    <ignored/>
  </testcase> <!-- @AfterSuite reportclose -->
  <testcase classname="base.spicebase" name="@AfterSuite reportclose" time="0.0">
    <ignored/>
  </testcase> <!-- @AfterSuite reportclose -->
  <testcase classname="base.spicebase" name="@AfterSuite reportclose" time="0.0">
    <ignored/>
  </testcase> <!-- @AfterSuite reportclose -->
</testsuite> <!-- Test -->
